<?xml version="1.0" encoding="utf-8"?>
<coverage line-rate="0.8571" branch-rate="0.8125" version="1.9" timestamp="1773815647" lines-covered="384" lines-valid="448" branches-covered="117" branches-valid="144">
  <sources>
    <source>/root/ChannelDungeonsWebsite/ChannelDungeons.BlazorWasm/</source>
  </sources>
  <packages>
    <package name="ChannelDungeons.BlazorWasm" line-rate="0.8571" branch-rate="0.8125" complexity="205">
      <classes>
        <class name="Program/&lt;&lt;Main&gt;$&gt;d__0" filename="Program.cs" line-rate="0" branch-rate="1" complexity="1">
          <methods>
            <method name="MoveNext" signature="()" line-rate="0" branch-rate="1" complexity="1">
              <lines>
                <line number="6" hits="0" branch="False" />
                <line number="7" hits="0" branch="False" />
                <line number="8" hits="0" branch="False" />
                <line number="11" hits="0" branch="False" />
                <line number="14" hits="0" branch="False" />
                <line number="15" hits="0" branch="False" />
                <line number="17" hits="0" branch="False" />
              </lines>
            </method>
          </methods>
          <lines>
            <line number="6" hits="0" branch="False" />
            <line number="7" hits="0" branch="False" />
            <line number="8" hits="0" branch="False" />
            <line number="11" hits="0" branch="False" />
            <line number="14" hits="0" branch="False" />
            <line number="15" hits="0" branch="False" />
            <line number="17" hits="0" branch="False" />
          </lines>
        </class>
        <class name="ChannelDungeons.BlazorWasm.Pages.Index" filename="Pages/Index.razor" line-rate="0.875" branch-rate="0.5" complexity="16">
          <methods>
            <method name="BuildRenderTree" signature="(Microsoft.AspNetCore.Components.Rendering.RenderTreeBuilder)" line-rate="0.375" branch-rate="0.3333" complexity="6">
              <lines>
                <line number="24" hits="27" branch="True" condition-coverage="50% (2/4)">
                  <conditions>
                    <condition number="126" type="jump" coverage="50%" />
                    <condition number="334" type="jump" coverage="50%" />
                  </conditions>
                </line>
                <line number="25" hits="27" branch="False" />
                <line number="40" hits="27" branch="False" />
                <line number="41" hits="0" branch="True" condition-coverage="0% (0/2)">
                  <conditions>
                    <condition number="678" type="jump" coverage="0%" />
                  </conditions>
                </line>
                <line number="42" hits="0" branch="False" />
                <line number="46" hits="0" branch="False" />
                <line number="48" hits="0" branch="False" />
                <line number="52" hits="0" branch="False" />
              </lines>
            </method>
            <method name="get_ChannelName" signature="()" line-rate="1" branch-rate="1" complexity="1">
              <lines>
                <line number="58" hits="14" branch="False" />
              </lines>
            </method>
            <method name="HandleToggleSidebar" signature="()" line-rate="1" branch-rate="1" complexity="1">
              <lines>
                <line number="242" hits="1" branch="False" />
                <line number="243" hits="1" branch="False" />
                <line number="244" hits="1" branch="False" />
              </lines>
            </method>
            <method name="AddBotMessage" signature="(System.String)" line-rate="1" branch-rate="1" complexity="2">
              <lines>
                <line number="271" hits="2" branch="False" />
                <line number="272" hits="2" branch="False" />
                <line number="273" hits="2" branch="False" />
                <line number="274" hits="2" branch="False" />
                <line number="275" hits="2" branch="False" />
                <line number="276" hits="2" branch="False" />
                <line number="277" hits="2" branch="False" />
                <line number="278" hits="2" branch="True" condition-coverage="100% (2/2)">
                  <conditions>
                    <condition number="61" type="jump" coverage="100%" />
                  </conditions>
                </line>
                <line number="279" hits="2" branch="False" />
                <line number="280" hits="2" branch="False" />
                <line number="281" hits="2" branch="False" />
                <line number="282" hits="2" branch="False" />
              </lines>
            </method>
            <method name="GetCurrentTime" signature="()" line-rate="1" branch-rate="1" complexity="1">
              <lines>
                <line number="285" hits="15" branch="False" />
                <line number="286" hits="15" branch="False" />
                <line number="287" hits="15" branch="False" />
              </lines>
            </method>
            <method name="System.IAsyncDisposable.DisposeAsync" signature="()" line-rate="1" branch-rate="0.5" complexity="4">
              <lines>
                <line number="290" hits="6" branch="False" />
                <line number="291" hits="6" branch="True" condition-coverage="50% (1/2)">
                  <conditions>
                    <condition number="8" type="jump" coverage="50%" />
                  </conditions>
                </line>
                <line number="292" hits="6" branch="True" condition-coverage="50% (1/2)">
                  <conditions>
                    <condition number="26" type="jump" coverage="50%" />
                  </conditions>
                </line>
                <line number="293" hits="6" branch="False" />
                <line number="294" hits="6" branch="False" />
              </lines>
            </method>
            <method name=".ctor" signature="()" line-rate="1" branch-rate="1" complexity="1">
              <lines>
                <line number="60" hits="6" branch="False" />
                <line number="62" hits="6" branch="False" />
                <line number="63" hits="6" branch="False" />
                <line number="64" hits="6" branch="False" />
                <line number="65" hits="6" branch="False" />
                <line number="66" hits="6" branch="False" />
                <line number="69" hits="6" branch="False" />
                <line number="70" hits="6" branch="False" />
              </lines>
            </method>
          </methods>
          <lines>
            <line number="24" hits="27" branch="True" condition-coverage="50% (2/4)">
              <conditions>
                <condition number="126" type="jump" coverage="50%" />
                <condition number="334" type="jump" coverage="50%" />
              </conditions>
            </line>
            <line number="25" hits="27" branch="False" />
            <line number="40" hits="27" branch="False" />
            <line number="41" hits="0" branch="True" condition-coverage="0% (0/2)">
              <conditions>
                <condition number="678" type="jump" coverage="0%" />
              </conditions>
            </line>
            <line number="42" hits="0" branch="False" />
            <line number="46" hits="0" branch="False" />
            <line number="48" hits="0" branch="False" />
            <line number="52" hits="0" branch="False" />
            <line number="58" hits="14" branch="False" />
            <line number="242" hits="1" branch="False" />
            <line number="243" hits="1" branch="False" />
            <line number="244" hits="1" branch="False" />
            <line number="271" hits="2" branch="False" />
            <line number="272" hits="2" branch="False" />
            <line number="273" hits="2" branch="False" />
            <line number="274" hits="2" branch="False" />
            <line number="275" hits="2" branch="False" />
            <line number="276" hits="2" branch="False" />
            <line number="277" hits="2" branch="False" />
            <line number="278" hits="2" branch="True" condition-coverage="100% (2/2)">
              <conditions>
                <condition number="61" type="jump" coverage="100%" />
              </conditions>
            </line>
            <line number="279" hits="2" branch="False" />
            <line number="280" hits="2" branch="False" />
            <line number="281" hits="2" branch="False" />
            <line number="282" hits="2" branch="False" />
            <line number="285" hits="15" branch="False" />
            <line number="286" hits="15" branch="False" />
            <line number="287" hits="15" branch="False" />
            <line number="290" hits="6" branch="False" />
            <line number="291" hits="6" branch="True" condition-coverage="50% (1/2)">
              <conditions>
                <condition number="8" type="jump" coverage="50%" />
              </conditions>
            </line>
            <line number="292" hits="6" branch="True" condition-coverage="50% (1/2)">
              <conditions>
                <condition number="26" type="jump" coverage="50%" />
              </conditions>
            </line>
            <line number="293" hits="6" branch="False" />
            <line number="294" hits="6" branch="False" />
            <line number="60" hits="6" branch="False" />
            <line number="62" hits="6" branch="False" />
            <line number="63" hits="6" branch="False" />
            <line number="64" hits="6" branch="False" />
            <line number="65" hits="6" branch="False" />
            <line number="66" hits="6" branch="False" />
            <line number="69" hits="6" branch="False" />
            <line number="70" hits="6" branch="False" />
          </lines>
        </class>
        <class name="ChannelDungeons.BlazorWasm.Pages.Index/&lt;&gt;c" filename="Pages/Index.razor" line-rate="1" branch-rate="1" complexity="2">
          <methods>
            <method name="&lt;AnimateChannelMessagesAsync&gt;b__19_0" signature="(ChannelDungeons.BlazorWasm.Models.Message)" line-rate="1" branch-rate="1" complexity="1">
              <lines>
                <line number="174" hits="20" branch="False" />
                <line number="175" hits="20" branch="False" />
                <line number="176" hits="20" branch="False" />
                <line number="177" hits="20" branch="False" />
                <line number="178" hits="20" branch="False" />
                <line number="179" hits="20" branch="False" />
                <line number="180" hits="20" branch="False" />
                <line number="181" hits="20" branch="False" />
              </lines>
            </method>
            <method name="&lt;HandleCommandSubmit&gt;b__23_1" signature="(ChannelDungeons.BlazorWasm.Models.Channel)" line-rate="1" branch-rate="1" complexity="1">
              <lines>
                <line number="260" hits="2" branch="False" />
              </lines>
            </method>
          </methods>
          <lines>
            <line number="174" hits="20" branch="False" />
            <line number="175" hits="20" branch="False" />
            <line number="176" hits="20" branch="False" />
            <line number="177" hits="20" branch="False" />
            <line number="178" hits="20" branch="False" />
            <line number="179" hits="20" branch="False" />
            <line number="180" hits="20" branch="False" />
            <line number="181" hits="20" branch="False" />
            <line number="260" hits="2" branch="False" />
          </lines>
        </class>
        <class name="ChannelDungeons.BlazorWasm.Pages.Index/&lt;&gt;c__DisplayClass19_0/&lt;&lt;AnimateChannelMessagesAsync&gt;b__1&gt;d" filename="Pages/Index.razor" line-rate="1" branch-rate="1" complexity="2">
          <methods>
            <method name="MoveNext" signature="()" line-rate="1" branch-rate="1" complexity="2">
              <lines>
                <line number="186" hits="5" branch="False" />
                <line number="187" hits="5" branch="False" />
                <line number="188" hits="5" branch="False" />
                <line number="190" hits="5" branch="True" condition-coverage="100% (2/2)">
                  <conditions>
                    <condition number="262" type="jump" coverage="100%" />
                  </conditions>
                </line>
                <line number="191" hits="1" branch="False" />
                <line number="192" hits="1" branch="False" />
                <line number="193" hits="1" branch="False" />
                <line number="194" hits="5" branch="False" />
              </lines>
            </method>
          </methods>
          <lines>
            <line number="186" hits="5" branch="False" />
            <line number="187" hits="5" branch="False" />
            <line number="188" hits="5" branch="False" />
            <line number="190" hits="5" branch="True" condition-coverage="100% (2/2)">
              <conditions>
                <condition number="262" type="jump" coverage="100%" />
              </conditions>
            </line>
            <line number="191" hits="1" branch="False" />
            <line number="192" hits="1" branch="False" />
            <line number="193" hits="1" branch="False" />
            <line number="194" hits="5" branch="False" />
          </lines>
        </class>
        <class name="ChannelDungeons.BlazorWasm.Pages.Index/&lt;&gt;c__DisplayClass19_0/&lt;&lt;AnimateChannelMessagesAsync&gt;b__2&gt;d" filename="Pages/Index.razor" line-rate="1" branch-rate="1" complexity="1">
          <methods>
            <method name="MoveNext" signature="()" line-rate="1" branch-rate="1" complexity="1">
              <lines>
                <line number="196" hits="14" branch="False" />
                <line number="197" hits="14" branch="False" />
                <line number="198" hits="14" branch="False" />
                <line number="199" hits="14" branch="False" />
              </lines>
            </method>
          </methods>
          <lines>
            <line number="196" hits="14" branch="False" />
            <line number="197" hits="14" branch="False" />
            <line number="198" hits="14" branch="False" />
            <line number="199" hits="14" branch="False" />
          </lines>
        </class>
        <class name="ChannelDungeons.BlazorWasm.Pages.Index/&lt;&gt;c__DisplayClass23_0" filename="Pages/Index.razor" line-rate="1" branch-rate="1" complexity="1">
          <methods>
            <method name="&lt;HandleCommandSubmit&gt;b__0" signature="(ChannelDungeons.BlazorWasm.Models.Channel)" line-rate="1" branch-rate="1" complexity="1">
              <lines>
                <line number="252" hits="2" branch="False" />
              </lines>
            </method>
          </methods>
          <lines>
            <line number="252" hits="2" branch="False" />
          </lines>
        </class>
        <class name="ChannelDungeons.BlazorWasm.Pages.Index/&lt;AnimateChannelMessagesAsync&gt;d__19" filename="Pages/Index.razor" line-rate="0.8" branch-rate="0.5" complexity="2">
          <methods>
            <method name="MoveNext" signature="()" line-rate="0.8" branch-rate="0.5" complexity="2">
              <lines>
                <line number="171" hits="7" branch="False" />
                <line number="172" hits="7" branch="False" />
                <line number="183" hits="7" branch="False" />
                <line number="184" hits="7" branch="False" />
                <line number="185" hits="7" branch="False" />
                <line number="189" hits="7" branch="False" />
                <line number="195" hits="7" branch="False" />
                <line number="200" hits="7" branch="False" />
                <line number="201" hits="7" branch="False" />
                <line number="203" hits="7" branch="False" />
                <line number="204" hits="7" branch="True" condition-coverage="50% (1/2)">
                  <conditions>
                    <condition number="413" type="jump" coverage="50%" />
                  </conditions>
                </line>
                <line number="205" hits="0" branch="False" />
                <line number="206" hits="0" branch="False" />
                <line number="207" hits="0" branch="False" />
                <line number="208" hits="7" branch="False" />
              </lines>
            </method>
          </methods>
          <lines>
            <line number="171" hits="7" branch="False" />
            <line number="172" hits="7" branch="False" />
            <line number="183" hits="7" branch="False" />
            <line number="184" hits="7" branch="False" />
            <line number="185" hits="7" branch="False" />
            <line number="189" hits="7" branch="False" />
            <line number="195" hits="7" branch="False" />
            <line number="200" hits="7" branch="False" />
            <line number="201" hits="7" branch="False" />
            <line number="203" hits="7" branch="False" />
            <line number="204" hits="7" branch="True" condition-coverage="50% (1/2)">
              <conditions>
                <condition number="413" type="jump" coverage="50%" />
              </conditions>
            </line>
            <line number="205" hits="0" branch="False" />
            <line number="206" hits="0" branch="False" />
            <line number="207" hits="0" branch="False" />
            <line number="208" hits="7" branch="False" />
          </lines>
        </class>
        <class name="ChannelDungeons.BlazorWasm.Pages.Index/&lt;HandleChannelSelected&gt;d__21" filename="Pages/Index.razor" line-rate="0.5" branch-rate="0.5" complexity="2">
          <methods>
            <method name="MoveNext" signature="()" line-rate="0.5" branch-rate="0.5" complexity="2">
              <lines>
                <line number="230" hits="1" branch="False" />
                <line number="232" hits="1" branch="True" condition-coverage="50% (1/2)">
                  <conditions>
                    <condition number="28" type="jump" coverage="50%" />
                  </conditions>
                </line>
                <line number="233" hits="0" branch="False" />
                <line number="234" hits="0" branch="False" />
                <line number="235" hits="0" branch="False" />
                <line number="237" hits="1" branch="False" />
                <line number="238" hits="1" branch="False" />
                <line number="239" hits="0" branch="False" />
              </lines>
            </method>
          </methods>
          <lines>
            <line number="230" hits="1" branch="False" />
            <line number="232" hits="1" branch="True" condition-coverage="50% (1/2)">
              <conditions>
                <condition number="28" type="jump" coverage="50%" />
              </conditions>
            </line>
            <line number="233" hits="0" branch="False" />
            <line number="234" hits="0" branch="False" />
            <line number="235" hits="0" branch="False" />
            <line number="237" hits="1" branch="False" />
            <line number="238" hits="1" branch="False" />
            <line number="239" hits="0" branch="False" />
          </lines>
        </class>
        <class name="ChannelDungeons.BlazorWasm.Pages.Index/&lt;HandleCommandSubmit&gt;d__23" filename="Pages/Index.razor" line-rate="0.8234999999999999" branch-rate="0.75" complexity="4">
          <methods>
            <method name="MoveNext" signature="()" line-rate="0.8234999999999999" branch-rate="0.75" complexity="4">
              <lines>
                <line number="247" hits="2" branch="False" />
                <line number="248" hits="2" branch="True" condition-coverage="100% (2/2)">
                  <conditions>
                    <condition number="33" type="jump" coverage="100%" />
                  </conditions>
                </line>
                <line number="249" hits="1" branch="False" />
                <line number="250" hits="1" branch="False" />
                <line number="251" hits="1" branch="False" />
                <line number="254" hits="1" branch="True" condition-coverage="50% (1/2)">
                  <conditions>
                    <condition number="138" type="jump" coverage="50%" />
                  </conditions>
                </line>
                <line number="255" hits="0" branch="False" />
                <line number="256" hits="0" branch="False" />
                <line number="257" hits="0" branch="False" />
                <line number="259" hits="1" branch="False" />
                <line number="261" hits="1" branch="False" />
                <line number="262" hits="1" branch="False" />
                <line number="263" hits="1" branch="False" />
                <line number="265" hits="1" branch="False" />
                <line number="266" hits="1" branch="False" />
                <line number="267" hits="1" branch="False" />
                <line number="268" hits="2" branch="False" />
              </lines>
            </method>
          </methods>
          <lines>
            <line number="247" hits="2" branch="False" />
            <line number="248" hits="2" branch="True" condition-coverage="100% (2/2)">
              <conditions>
                <condition number="33" type="jump" coverage="100%" />
              </conditions>
            </line>
            <line number="249" hits="1" branch="False" />
            <line number="250" hits="1" branch="False" />
            <line number="251" hits="1" branch="False" />
            <line number="254" hits="1" branch="True" condition-coverage="50% (1/2)">
              <conditions>
                <condition number="138" type="jump" coverage="50%" />
              </conditions>
            </line>
            <line number="255" hits="0" branch="False" />
            <line number="256" hits="0" branch="False" />
            <line number="257" hits="0" branch="False" />
            <line number="259" hits="1" branch="False" />
            <line number="261" hits="1" branch="False" />
            <line number="262" hits="1" branch="False" />
            <line number="263" hits="1" branch="False" />
            <line number="265" hits="1" branch="False" />
            <line number="266" hits="1" branch="False" />
            <line number="267" hits="1" branch="False" />
            <line number="268" hits="2" branch="False" />
          </lines>
        </class>
        <class name="ChannelDungeons.BlazorWasm.Pages.Index/&lt;LoadChannelAsync&gt;d__18" filename="Pages/Index.razor" line-rate="0.6666" branch-rate="0.75" complexity="12">
          <methods>
            <method name="MoveNext" signature="()" line-rate="0.6666" branch-rate="0.75" complexity="12">
              <lines>
                <line number="117" hits="7" branch="True" condition-coverage="100% (2/2)">
                  <conditions>
                    <condition number="16" type="jump" coverage="100%" />
                  </conditions>
                </line>
                <line number="118" hits="7" branch="True" condition-coverage="50% (1/2)">
                  <conditions>
                    <condition number="44" type="jump" coverage="50%" />
                  </conditions>
                </line>
                <line number="119" hits="0" branch="False" />
                <line number="120" hits="0" branch="False" />
                <line number="123" hits="7" branch="False" />
                <line number="124" hits="7" branch="False" />
                <line number="125" hits="7" branch="True" condition-coverage="100% (2/2)">
                  <conditions>
                    <condition number="96" type="jump" coverage="100%" />
                  </conditions>
                </line>
                <line number="126" hits="1" branch="False" />
                <line number="127" hits="1" branch="False" />
                <line number="128" hits="1" branch="False" />
                <line number="129" hits="1" branch="False" />
                <line number="131" hits="7" branch="False" />
                <line number="132" hits="7" branch="False" />
                <line number="133" hits="7" branch="False" />
                <line number="137" hits="7" branch="False" />
                <line number="138" hits="7" branch="False" />
                <line number="140" hits="7" branch="True" condition-coverage="50% (1/2)">
                  <conditions>
                    <condition number="439" type="jump" coverage="50%" />
                  </conditions>
                </line>
                <line number="141" hits="0" branch="False" />
                <line number="142" hits="0" branch="False" />
                <line number="143" hits="0" branch="False" />
                <line number="146" hits="7" branch="False" />
                <line number="147" hits="7" branch="True" condition-coverage="50% (1/2)">
                  <conditions>
                    <condition number="510" type="jump" coverage="50%" />
                  </conditions>
                </line>
                <line number="148" hits="0" branch="False" />
                <line number="149" hits="0" branch="False" />
                <line number="150" hits="0" branch="False" />
                <line number="151" hits="0" branch="False" />
                <line number="152" hits="0" branch="False" />
                <line number="155" hits="7" branch="True" condition-coverage="100% (2/2)">
                  <conditions>
                    <condition number="577" type="jump" coverage="100%" />
                  </conditions>
                </line>
                <line number="156" hits="7" branch="False" />
                <line number="157" hits="7" branch="False" />
                <line number="158" hits="7" branch="False" />
                <line number="159" hits="7" branch="False" />
                <line number="160" hits="0" branch="False" />
                <line number="161" hits="0" branch="False" />
                <line number="163" hits="0" branch="False" />
                <line number="165" hits="7" branch="False" />
                <line number="166" hits="7" branch="False" />
                <line number="167" hits="7" branch="False" />
                <line number="168" hits="7" branch="False" />
              </lines>
            </method>
          </methods>
          <lines>
            <line number="117" hits="7" branch="True" condition-coverage="100% (2/2)">
              <conditions>
                <condition number="16" type="jump" coverage="100%" />
              </conditions>
            </line>
            <line number="118" hits="7" branch="True" condition-coverage="50% (1/2)">
              <conditions>
                <condition number="44" type="jump" coverage="50%" />
              </conditions>
            </line>
            <line number="119" hits="0" branch="False" />
            <line number="120" hits="0" branch="False" />
            <line number="123" hits="7" branch="False" />
            <line number="124" hits="7" branch="False" />
            <line number="125" hits="7" branch="True" condition-coverage="100% (2/2)">
              <conditions>
                <condition number="96" type="jump" coverage="100%" />
              </conditions>
            </line>
            <line number="126" hits="1" branch="False" />
            <line number="127" hits="1" branch="False" />
            <line number="128" hits="1" branch="False" />
            <line number="129" hits="1" branch="False" />
            <line number="131" hits="7" branch="False" />
            <line number="132" hits="7" branch="False" />
            <line number="133" hits="7" branch="False" />
            <line number="137" hits="7" branch="False" />
            <line number="138" hits="7" branch="False" />
            <line number="140" hits="7" branch="True" condition-coverage="50% (1/2)">
              <conditions>
                <condition number="439" type="jump" coverage="50%" />
              </conditions>
            </line>
            <line number="141" hits="0" branch="False" />
            <line number="142" hits="0" branch="False" />
            <line number="143" hits="0" branch="False" />
            <line number="146" hits="7" branch="False" />
            <line number="147" hits="7" branch="True" condition-coverage="50% (1/2)">
              <conditions>
                <condition number="510" type="jump" coverage="50%" />
              </conditions>
            </line>
            <line number="148" hits="0" branch="False" />
            <line number="149" hits="0" branch="False" />
            <line number="150" hits="0" branch="False" />
            <line number="151" hits="0" branch="False" />
            <line number="152" hits="0" branch="False" />
            <line number="155" hits="7" branch="True" condition-coverage="100% (2/2)">
              <conditions>
                <condition number="577" type="jump" coverage="100%" />
              </conditions>
            </line>
            <line number="156" hits="7" branch="False" />
            <line number="157" hits="7" branch="False" />
            <line number="158" hits="7" branch="False" />
            <line number="159" hits="7" branch="False" />
            <line number="160" hits="0" branch="False" />
            <line number="161" hits="0" branch="False" />
            <line number="163" hits="0" branch="False" />
            <line number="165" hits="7" branch="False" />
            <line number="166" hits="7" branch="False" />
            <line number="167" hits="7" branch="False" />
            <line number="168" hits="7" branch="False" />
          </lines>
        </class>
        <class name="ChannelDungeons.BlazorWasm.Pages.Index/&lt;OnInitializedAsync&gt;d__16" filename="Pages/Index.razor" line-rate="0.6923" branch-rate="0.7" complexity="10">
          <methods>
            <method name="MoveNext" signature="()" line-rate="0.6923" branch-rate="0.7" complexity="10">
              <lines>
                <line number="73" hits="6" branch="False" />
                <line number="75" hits="6" branch="False" />
                <line number="77" hits="6" branch="False" />
                <line number="78" hits="6" branch="False" />
                <line number="79" hits="6" branch="False" />
                <line number="80" hits="0" branch="False" />
                <line number="81" hits="0" branch="False" />
                <line number="83" hits="0" branch="False" />
                <line number="84" hits="0" branch="False" />
                <line number="86" hits="6" branch="False" />
                <line number="87" hits="6" branch="False" />
                <line number="89" hits="6" branch="True" condition-coverage="75% (3/4)">
                  <conditions>
                    <condition number="518" type="jump" coverage="100%" />
                    <condition number="538" type="jump" coverage="50%" />
                  </conditions>
                </line>
                <line number="92" hits="6" branch="True" condition-coverage="66.66% (4/6)">
                  <conditions>
                    <condition number="565" type="jump" coverage="50%" />
                    <condition number="578" type="jump" coverage="50%" />
                    <condition number="607" type="jump" coverage="100%" />
                  </conditions>
                </line>
                <line number="93" hits="6" branch="False" />
                <line number="94" hits="5" branch="False" />
                <line number="95" hits="5" branch="False" />
                <line number="96" hits="5" branch="False" />
                <line number="97" hits="5" branch="False" />
                <line number="98" hits="5" branch="False" />
                <line number="100" hits="6" branch="False" />
                <line number="101" hits="6" branch="False" />
                <line number="102" hits="0" branch="False" />
                <line number="103" hits="0" branch="False" />
                <line number="104" hits="0" branch="False" />
                <line number="105" hits="0" branch="False" />
                <line number="106" hits="6" branch="False" />
              </lines>
            </method>
          </methods>
          <lines>
            <line number="73" hits="6" branch="False" />
            <line number="75" hits="6" branch="False" />
            <line number="77" hits="6" branch="False" />
            <line number="78" hits="6" branch="False" />
            <line number="79" hits="6" branch="False" />
            <line number="80" hits="0" branch="False" />
            <line number="81" hits="0" branch="False" />
            <line number="83" hits="0" branch="False" />
            <line number="84" hits="0" branch="False" />
            <line number="86" hits="6" branch="False" />
            <line number="87" hits="6" branch="False" />
            <line number="89" hits="6" branch="True" condition-coverage="75% (3/4)">
              <conditions>
                <condition number="518" type="jump" coverage="100%" />
                <condition number="538" type="jump" coverage="50%" />
              </conditions>
            </line>
            <line number="92" hits="6" branch="True" condition-coverage="66.66% (4/6)">
              <conditions>
                <condition number="565" type="jump" coverage="50%" />
                <condition number="578" type="jump" coverage="50%" />
                <condition number="607" type="jump" coverage="100%" />
              </conditions>
            </line>
            <line number="93" hits="6" branch="False" />
            <line number="94" hits="5" branch="False" />
            <line number="95" hits="5" branch="False" />
            <line number="96" hits="5" branch="False" />
            <line number="97" hits="5" branch="False" />
            <line number="98" hits="5" branch="False" />
            <line number="100" hits="6" branch="False" />
            <line number="101" hits="6" branch="False" />
            <line number="102" hits="0" branch="False" />
            <line number="103" hits="0" branch="False" />
            <line number="104" hits="0" branch="False" />
            <line number="105" hits="0" branch="False" />
            <line number="106" hits="6" branch="False" />
          </lines>
        </class>
        <class name="ChannelDungeons.BlazorWasm.Pages.Index/&lt;OnParametersSetAsync&gt;d__17" filename="Pages/Index.razor" line-rate="0.5" branch-rate="0.6666" complexity="6">
          <methods>
            <method name="MoveNext" signature="()" line-rate="0.5" branch-rate="0.6666" complexity="6">
              <lines>
                <line number="109" hits="6" branch="False" />
                <line number="110" hits="6" branch="True" condition-coverage="66.66% (4/6)">
                  <conditions>
                    <condition number="34" type="jump" coverage="100%" />
                    <condition number="48" type="jump" coverage="50%" />
                    <condition number="80" type="jump" coverage="50%" />
                  </conditions>
                </line>
                <line number="111" hits="0" branch="False" />
                <line number="112" hits="0" branch="False" />
                <line number="113" hits="0" branch="False" />
                <line number="114" hits="6" branch="False" />
              </lines>
            </method>
          </methods>
          <lines>
            <line number="109" hits="6" branch="False" />
            <line number="110" hits="6" branch="True" condition-coverage="66.66% (4/6)">
              <conditions>
                <condition number="34" type="jump" coverage="100%" />
                <condition number="48" type="jump" coverage="50%" />
                <condition number="80" type="jump" coverage="50%" />
              </conditions>
            </line>
            <line number="111" hits="0" branch="False" />
            <line number="112" hits="0" branch="False" />
            <line number="113" hits="0" branch="False" />
            <line number="114" hits="6" branch="False" />
          </lines>
        </class>
        <class name="ChannelDungeons.BlazorWasm.Pages.Index/&lt;ShowSidebarAfterDelayAsync&gt;d__20" filename="Pages/Index.razor" line-rate="0.8" branch-rate="1" complexity="2">
          <methods>
            <method name="MoveNext" signature="()" line-rate="0.8" branch-rate="1" complexity="2">
              <lines>
                <line number="211" hits="1" branch="False" />
                <line number="213" hits="1" branch="False" />
                <line number="214" hits="1" branch="False" />
                <line number="215" hits="1" branch="True" condition-coverage="100% (2/2)">
                  <conditions>
                    <condition number="164" type="jump" coverage="100%" />
                  </conditions>
                </line>
                <line number="216" hits="1" branch="False" />
                <line number="217" hits="1" branch="False" />
                <line number="218" hits="1" branch="False" />
                <line number="219" hits="1" branch="False" />
                <line number="220" hits="1" branch="False" />
                <line number="221" hits="1" branch="False" />
                <line number="222" hits="1" branch="False" />
                <line number="223" hits="0" branch="False" />
                <line number="224" hits="0" branch="False" />
                <line number="226" hits="0" branch="False" />
                <line number="227" hits="1" branch="False" />
              </lines>
            </method>
          </methods>
          <lines>
            <line number="211" hits="1" branch="False" />
            <line number="213" hits="1" branch="False" />
            <line number="214" hits="1" branch="False" />
            <line number="215" hits="1" branch="True" condition-coverage="100% (2/2)">
              <conditions>
                <condition number="164" type="jump" coverage="100%" />
              </conditions>
            </line>
            <line number="216" hits="1" branch="False" />
            <line number="217" hits="1" branch="False" />
            <line number="218" hits="1" branch="False" />
            <line number="219" hits="1" branch="False" />
            <line number="220" hits="1" branch="False" />
            <line number="221" hits="1" branch="False" />
            <line number="222" hits="1" branch="False" />
            <line number="223" hits="0" branch="False" />
            <line number="224" hits="0" branch="False" />
            <line number="226" hits="0" branch="False" />
            <line number="227" hits="1" branch="False" />
          </lines>
        </class>
        <class name="ChannelDungeons.BlazorWasm.Components.Layout.ChannelHeader" filename="Components/Layout/ChannelHeader.razor" line-rate="1" branch-rate="1" complexity="5">
          <methods>
            <method name="BuildRenderTree" signature="(Microsoft.AspNetCore.Components.Rendering.RenderTreeBuilder)" line-rate="1" branch-rate="1" complexity="2">
              <lines>
                <line number="15" hits="7" branch="False" />
                <line number="18" hits="7" branch="True" condition-coverage="100% (2/2)">
                  <conditions>
                    <condition number="274" type="jump" coverage="100%" />
                  </conditions>
                </line>
                <line number="19" hits="7" branch="False" />
                <line number="21" hits="7" branch="False" />
                <line number="23" hits="7" branch="False" />
              </lines>
            </method>
            <method name="get_ChannelName" signature="()" line-rate="1" branch-rate="1" complexity="1">
              <lines>
                <line number="28" hits="19" branch="False" />
              </lines>
            </method>
            <method name="get_Description" signature="()" line-rate="1" branch-rate="1" complexity="1">
              <lines>
                <line number="31" hits="26" branch="False" />
              </lines>
            </method>
            <method name="get_OnToggleSidebar" signature="()" line-rate="1" branch-rate="1" complexity="1">
              <lines>
                <line number="34" hits="7" branch="False" />
              </lines>
            </method>
          </methods>
          <lines>
            <line number="15" hits="7" branch="False" />
            <line number="18" hits="7" branch="True" condition-coverage="100% (2/2)">
              <conditions>
                <condition number="274" type="jump" coverage="100%" />
              </conditions>
            </line>
            <line number="19" hits="7" branch="False" />
            <line number="21" hits="7" branch="False" />
            <line number="23" hits="7" branch="False" />
            <line number="28" hits="19" branch="False" />
            <line number="31" hits="26" branch="False" />
            <line number="34" hits="7" branch="False" />
          </lines>
        </class>
        <class name="ChannelDungeons.BlazorWasm.Components.Layout.ChannelHeader/&lt;HandleToggleSidebar&gt;d__13" filename="Components/Layout/ChannelHeader.razor" line-rate="1" branch-rate="1" complexity="1">
          <methods>
            <method name="MoveNext" signature="()" line-rate="1" branch-rate="1" complexity="1">
              <lines>
                <line number="37" hits="1" branch="False" />
                <line number="38" hits="1" branch="False" />
                <line number="39" hits="1" branch="False" />
              </lines>
            </method>
          </methods>
          <lines>
            <line number="37" hits="1" branch="False" />
            <line number="38" hits="1" branch="False" />
            <line number="39" hits="1" branch="False" />
          </lines>
        </class>
        <class name="ChannelDungeons.BlazorWasm.Components.Layout.CommandInput" filename="Components/Layout/CommandInput.razor" line-rate="1" branch-rate="1" complexity="6">
          <methods>
            <method name="get_IsVisible" signature="()" line-rate="1" branch-rate="1" complexity="1">
              <lines>
                <line number="32" hits="105" branch="False" />
              </lines>
            </method>
            <method name="get_OnCommandSubmit" signature="()" line-rate="1" branch-rate="1" complexity="1">
              <lines>
                <line number="35" hits="17" branch="False" />
              </lines>
            </method>
            <method name="UpdateFilteredCommands" signature="()" line-rate="1" branch-rate="1" complexity="2">
              <lines>
                <line number="45" hits="40" branch="False" />
                <line number="46" hits="40" branch="True" condition-coverage="100% (2/2)">
                  <conditions>
                    <condition number="8" type="jump" coverage="100%" />
                  </conditions>
                </line>
                <line number="47" hits="40" branch="False" />
                <line number="48" hits="25" branch="False" />
                <line number="49" hits="40" branch="False" />
                <line number="50" hits="40" branch="False" />
                <line number="51" hits="40" branch="False" />
              </lines>
            </method>
            <method name="&lt;BuildRenderTree&gt;b__0_0" signature="(Microsoft.AspNetCore.Components.ElementReference)" line-rate="1" branch-rate="1" complexity="1">
              <lines>
                <line number="17" hits="21" branch="False" />
                <line number="18" hits="21" branch="False" />
                <line number="19" hits="21" branch="False" />
                <line number="20" hits="21" branch="False" />
                <line number="21" hits="21" branch="False" />
                <line number="22" hits="21" branch="False" />
              </lines>
            </method>
            <method name=".ctor" signature="()" line-rate="1" branch-rate="1" complexity="1">
              <lines>
                <line number="38" hits="21" branch="False" />
                <line number="39" hits="21" branch="False" />
                <line number="40" hits="21" branch="False" />
                <line number="41" hits="21" branch="False" />
                <line number="42" hits="21" branch="False" />
              </lines>
            </method>
          </methods>
          <lines>
            <line number="32" hits="105" branch="False" />
            <line number="35" hits="17" branch="False" />
            <line number="45" hits="40" branch="False" />
            <line number="46" hits="40" branch="True" condition-coverage="100% (2/2)">
              <conditions>
                <condition number="8" type="jump" coverage="100%" />
              </conditions>
            </line>
            <line number="47" hits="40" branch="False" />
            <line number="48" hits="25" branch="False" />
            <line number="49" hits="40" branch="False" />
            <line number="50" hits="40" branch="False" />
            <line number="51" hits="40" branch="False" />
            <line number="17" hits="21" branch="False" />
            <line number="18" hits="21" branch="False" />
            <line number="19" hits="21" branch="False" />
            <line number="20" hits="21" branch="False" />
            <line number="21" hits="21" branch="False" />
            <line number="22" hits="21" branch="False" />
            <line number="38" hits="21" branch="False" />
            <line number="39" hits="21" branch="False" />
            <line number="40" hits="21" branch="False" />
            <line number="41" hits="21" branch="False" />
            <line number="42" hits="21" branch="False" />
          </lines>
        </class>
        <class name="ChannelDungeons.BlazorWasm.Components.Layout.CommandInput/&lt;HandleCommandSelected&gt;d__21" filename="Components/Layout/CommandInput.razor" line-rate="1" branch-rate="1" complexity="1">
          <methods>
            <method name="MoveNext" signature="()" line-rate="1" branch-rate="1" complexity="1">
              <lines>
                <line number="141" hits="3" branch="False" />
                <line number="142" hits="3" branch="False" />
                <line number="143" hits="3" branch="False" />
                <line number="144" hits="3" branch="False" />
                <line number="145" hits="3" branch="False" />
              </lines>
            </method>
          </methods>
          <lines>
            <line number="141" hits="3" branch="False" />
            <line number="142" hits="3" branch="False" />
            <line number="143" hits="3" branch="False" />
            <line number="144" hits="3" branch="False" />
            <line number="145" hits="3" branch="False" />
          </lines>
        </class>
        <class name="ChannelDungeons.BlazorWasm.Components.Layout.CommandInput/&lt;HandleInput&gt;d__19" filename="Components/Layout/CommandInput.razor" line-rate="1" branch-rate="0.75" complexity="8">
          <methods>
            <method name="MoveNext" signature="()" line-rate="1" branch-rate="0.75" complexity="8">
              <lines>
                <line number="95" hits="14" branch="False" />
                <line number="96" hits="14" branch="True" condition-coverage="50% (2/4)">
                  <conditions>
                    <condition number="36" type="jump" coverage="50%" />
                    <condition number="48" type="jump" coverage="50%" />
                  </conditions>
                </line>
                <line number="97" hits="14" branch="False" />
                <line number="98" hits="14" branch="False" />
                <line number="99" hits="14" branch="True" condition-coverage="100% (4/4)">
                  <conditions>
                    <condition number="124" type="jump" coverage="100%" />
                    <condition number="143" type="jump" coverage="100%" />
                  </conditions>
                </line>
                <line number="100" hits="14" branch="False" />
                <line number="101" hits="14" branch="False" />
              </lines>
            </method>
          </methods>
          <lines>
            <line number="95" hits="14" branch="False" />
            <line number="96" hits="14" branch="True" condition-coverage="50% (2/4)">
              <conditions>
                <condition number="36" type="jump" coverage="50%" />
                <condition number="48" type="jump" coverage="50%" />
              </conditions>
            </line>
            <line number="97" hits="14" branch="False" />
            <line number="98" hits="14" branch="False" />
            <line number="99" hits="14" branch="True" condition-coverage="100% (4/4)">
              <conditions>
                <condition number="124" type="jump" coverage="100%" />
                <condition number="143" type="jump" coverage="100%" />
              </conditions>
            </line>
            <line number="100" hits="14" branch="False" />
            <line number="101" hits="14" branch="False" />
          </lines>
        </class>
        <class name="ChannelDungeons.BlazorWasm.Components.Layout.CommandInput/&lt;HandleKeyDown&gt;d__20" filename="Components/Layout/CommandInput.razor" line-rate="1" branch-rate="0.8636" complexity="22">
          <methods>
            <method name="MoveNext" signature="()" line-rate="1" branch-rate="0.8636" complexity="22">
              <lines>
                <line number="104" hits="11" branch="False" />
                <line number="105" hits="11" branch="True" condition-coverage="75% (3/4)">
                  <conditions>
                    <condition number="72" type="jump" coverage="50%" />
                    <condition number="98" type="jump" coverage="100%" />
                  </conditions>
                </line>
                <line number="106" hits="10" branch="False" />
                <line number="107" hits="10" branch="True" condition-coverage="100% (10/10)">
                  <conditions>
                    <condition number="141" type="jump" coverage="100%" />
                    <condition number="154" type="jump" coverage="100%" />
                    <condition number="170" type="jump" coverage="100%" />
                    <condition number="186" type="jump" coverage="100%" />
                    <condition number="202" type="jump" coverage="100%" />
                  </conditions>
                </line>
                <line number="110" hits="6" branch="False" />
                <line number="111" hits="6" branch="False" />
                <line number="112" hits="6" branch="False" />
                <line number="115" hits="1" branch="False" />
                <line number="116" hits="1" branch="False" />
                <line number="117" hits="1" branch="False" />
                <line number="121" hits="2" branch="True" condition-coverage="75% (3/4)">
                  <conditions>
                    <condition number="555" type="jump" coverage="50%" />
                    <condition number="593" type="jump" coverage="100%" />
                  </conditions>
                </line>
                <line number="122" hits="2" branch="False" />
                <line number="123" hits="2" branch="False" />
                <line number="124" hits="2" branch="False" />
                <line number="125" hits="2" branch="False" />
                <line number="128" hits="1" branch="False" />
                <line number="129" hits="1" branch="False" />
                <line number="130" hits="1" branch="False" />
                <line number="131" hits="1" branch="False" />
                <line number="133" hits="10" branch="False" />
                <line number="134" hits="1" branch="True" condition-coverage="75% (3/4)">
                  <conditions>
                    <condition number="919" type="jump" coverage="50%" />
                    <condition number="947" type="jump" coverage="100%" />
                  </conditions>
                </line>
                <line number="135" hits="1" branch="False" />
                <line number="136" hits="1" branch="False" />
                <line number="137" hits="1" branch="False" />
                <line number="138" hits="11" branch="False" />
              </lines>
            </method>
          </methods>
          <lines>
            <line number="104" hits="11" branch="False" />
            <line number="105" hits="11" branch="True" condition-coverage="75% (3/4)">
              <conditions>
                <condition number="72" type="jump" coverage="50%" />
                <condition number="98" type="jump" coverage="100%" />
              </conditions>
            </line>
            <line number="106" hits="10" branch="False" />
            <line number="107" hits="10" branch="True" condition-coverage="100% (10/10)">
              <conditions>
                <condition number="141" type="jump" coverage="100%" />
                <condition number="154" type="jump" coverage="100%" />
                <condition number="170" type="jump" coverage="100%" />
                <condition number="186" type="jump" coverage="100%" />
                <condition number="202" type="jump" coverage="100%" />
              </conditions>
            </line>
            <line number="110" hits="6" branch="False" />
            <line number="111" hits="6" branch="False" />
            <line number="112" hits="6" branch="False" />
            <line number="115" hits="1" branch="False" />
            <line number="116" hits="1" branch="False" />
            <line number="117" hits="1" branch="False" />
            <line number="121" hits="2" branch="True" condition-coverage="75% (3/4)">
              <conditions>
                <condition number="555" type="jump" coverage="50%" />
                <condition number="593" type="jump" coverage="100%" />
              </conditions>
            </line>
            <line number="122" hits="2" branch="False" />
            <line number="123" hits="2" branch="False" />
            <line number="124" hits="2" branch="False" />
            <line number="125" hits="2" branch="False" />
            <line number="128" hits="1" branch="False" />
            <line number="129" hits="1" branch="False" />
            <line number="130" hits="1" branch="False" />
            <line number="131" hits="1" branch="False" />
            <line number="133" hits="10" branch="False" />
            <line number="134" hits="1" branch="True" condition-coverage="75% (3/4)">
              <conditions>
                <condition number="919" type="jump" coverage="50%" />
                <condition number="947" type="jump" coverage="100%" />
              </conditions>
            </line>
            <line number="135" hits="1" branch="False" />
            <line number="136" hits="1" branch="False" />
            <line number="137" hits="1" branch="False" />
            <line number="138" hits="11" branch="False" />
          </lines>
        </class>
        <class name="ChannelDungeons.BlazorWasm.Components.Layout.CommandInput/&lt;OnAfterRenderAsync&gt;d__18" filename="Components/Layout/CommandInput.razor" line-rate="0.5454" branch-rate="1" complexity="2">
          <methods>
            <method name="MoveNext" signature="()" line-rate="0.5454" branch-rate="1" complexity="2">
              <lines>
                <line number="80" hits="61" branch="False" />
                <line number="81" hits="61" branch="True" condition-coverage="100% (2/2)">
                  <conditions>
                    <condition number="23" type="jump" coverage="100%" />
                  </conditions>
                </line>
                <line number="82" hits="21" branch="False" />
                <line number="84" hits="21" branch="False" />
                <line number="85" hits="21" branch="False" />
                <line number="86" hits="0" branch="False" />
                <line number="87" hits="0" branch="False" />
                <line number="88" hits="0" branch="False" />
                <line number="90" hits="0" branch="False" />
                <line number="91" hits="0" branch="False" />
                <line number="92" hits="40" branch="False" />
              </lines>
            </method>
          </methods>
          <lines>
            <line number="80" hits="61" branch="False" />
            <line number="81" hits="61" branch="True" condition-coverage="100% (2/2)">
              <conditions>
                <condition number="23" type="jump" coverage="100%" />
              </conditions>
            </line>
            <line number="82" hits="21" branch="False" />
            <line number="84" hits="21" branch="False" />
            <line number="85" hits="21" branch="False" />
            <line number="86" hits="0" branch="False" />
            <line number="87" hits="0" branch="False" />
            <line number="88" hits="0" branch="False" />
            <line number="90" hits="0" branch="False" />
            <line number="91" hits="0" branch="False" />
            <line number="92" hits="40" branch="False" />
          </lines>
        </class>
        <class name="ChannelDungeons.BlazorWasm.Components.Layout.CommandInput/&lt;OnInitializedAsync&gt;d__16" filename="Components/Layout/CommandInput.razor" line-rate="1" branch-rate="1" complexity="1">
          <methods>
            <method name="MoveNext" signature="()" line-rate="1" branch-rate="1" complexity="1">
              <lines>
                <line number="54" hits="21" branch="False" />
                <line number="55" hits="21" branch="False" />
                <line number="56" hits="21" branch="False" />
                <line number="57" hits="21" branch="False" />
              </lines>
            </method>
          </methods>
          <lines>
            <line number="54" hits="21" branch="False" />
            <line number="55" hits="21" branch="False" />
            <line number="56" hits="21" branch="False" />
            <line number="57" hits="21" branch="False" />
          </lines>
        </class>
        <class name="ChannelDungeons.BlazorWasm.Components.Layout.CommandInput/&lt;OnParametersSetAsync&gt;d__17" filename="Components/Layout/CommandInput.razor" line-rate="0.6" branch-rate="1" complexity="2">
          <methods>
            <method name="MoveNext" signature="()" line-rate="0.6" branch-rate="1" complexity="2">
              <lines>
                <line number="60" hits="22" branch="False" />
                <line number="61" hits="22" branch="True" condition-coverage="100% (2/2)">
                  <conditions>
                    <condition number="36" type="jump" coverage="100%" />
                  </conditions>
                </line>
                <line number="62" hits="6" branch="False" />
                <line number="63" hits="6" branch="False" />
                <line number="65" hits="6" branch="False" />
                <line number="66" hits="6" branch="False" />
                <line number="67" hits="6" branch="False" />
                <line number="68" hits="0" branch="False" />
                <line number="69" hits="0" branch="False" />
                <line number="71" hits="0" branch="False" />
                <line number="72" hits="0" branch="False" />
                <line number="73" hits="0" branch="False" />
                <line number="75" hits="0" branch="False" />
                <line number="76" hits="6" branch="False" />
                <line number="77" hits="22" branch="False" />
              </lines>
            </method>
          </methods>
          <lines>
            <line number="60" hits="22" branch="False" />
            <line number="61" hits="22" branch="True" condition-coverage="100% (2/2)">
              <conditions>
                <condition number="36" type="jump" coverage="100%" />
              </conditions>
            </line>
            <line number="62" hits="6" branch="False" />
            <line number="63" hits="6" branch="False" />
            <line number="65" hits="6" branch="False" />
            <line number="66" hits="6" branch="False" />
            <line number="67" hits="6" branch="False" />
            <line number="68" hits="0" branch="False" />
            <line number="69" hits="0" branch="False" />
            <line number="71" hits="0" branch="False" />
            <line number="72" hits="0" branch="False" />
            <line number="73" hits="0" branch="False" />
            <line number="75" hits="0" branch="False" />
            <line number="76" hits="6" branch="False" />
            <line number="77" hits="22" branch="False" />
          </lines>
        </class>
        <class name="ChannelDungeons.BlazorWasm.Components.Layout.CommandInput/&lt;SubmitCommand&gt;d__22" filename="Components/Layout/CommandInput.razor" line-rate="1" branch-rate="1" complexity="2">
          <methods>
            <method name="MoveNext" signature="()" line-rate="1" branch-rate="1" complexity="2">
              <lines>
                <line number="148" hits="4" branch="False" />
                <line number="149" hits="4" branch="True" condition-coverage="100% (2/2)">
                  <conditions>
                    <condition number="36" type="jump" coverage="100%" />
                  </conditions>
                </line>
                <line number="150" hits="4" branch="False" />
                <line number="151" hits="4" branch="False" />
                <line number="152" hits="4" branch="False" />
                <line number="153" hits="4" branch="False" />
                <line number="154" hits="4" branch="False" />
                <line number="155" hits="4" branch="False" />
                <line number="156" hits="4" branch="False" />
                <line number="157" hits="4" branch="False" />
              </lines>
            </method>
          </methods>
          <lines>
            <line number="148" hits="4" branch="False" />
            <line number="149" hits="4" branch="True" condition-coverage="100% (2/2)">
              <conditions>
                <condition number="36" type="jump" coverage="100%" />
              </conditions>
            </line>
            <line number="150" hits="4" branch="False" />
            <line number="151" hits="4" branch="False" />
            <line number="152" hits="4" branch="False" />
            <line number="153" hits="4" branch="False" />
            <line number="154" hits="4" branch="False" />
            <line number="155" hits="4" branch="False" />
            <line number="156" hits="4" branch="False" />
            <line number="157" hits="4" branch="False" />
          </lines>
        </class>
        <class name="ChannelDungeons.BlazorWasm.Components.Layout.Sidebar" filename="Components/Layout/Sidebar.razor" line-rate="1" branch-rate="0.875" complexity="12">
          <methods>
            <method name="BuildRenderTree" signature="(Microsoft.AspNetCore.Components.Rendering.RenderTreeBuilder)" line-rate="1" branch-rate="1" complexity="6">
              <lines>
                <line number="10" hits="145" branch="True" condition-coverage="100% (4/4)">
                  <conditions>
                    <condition number="32" type="jump" coverage="100%" />
                    <condition number="391" type="jump" coverage="100%" />
                  </conditions>
                </line>
                <line number="11" hits="32" branch="True" condition-coverage="100% (2/2)">
                  <conditions>
                    <condition number="233" type="jump" coverage="100%" />
                  </conditions>
                </line>
                <line number="17" hits="32" branch="False" />
                <line number="20" hits="32" branch="False" />
              </lines>
            </method>
            <method name="get_Channels" signature="()" line-rate="1" branch-rate="1" complexity="1">
              <lines>
                <line number="27" hits="60" branch="False" />
              </lines>
            </method>
            <method name="get_CurrentChannel" signature="()" line-rate="1" branch-rate="1" complexity="1">
              <lines>
                <line number="30" hits="91" branch="False" />
              </lines>
            </method>
            <method name="get_IsVisible" signature="()" line-rate="1" branch-rate="1" complexity="1">
              <lines>
                <line number="33" hits="54" branch="False" />
              </lines>
            </method>
            <method name="get_OnChannelSelected" signature="()" line-rate="1" branch-rate="1" complexity="1">
              <lines>
                <line number="36" hits="28" branch="False" />
              </lines>
            </method>
            <method name="IsChannelActive" signature="(System.String)" line-rate="1" branch-rate="0.5" complexity="2">
              <lines>
                <line number="39" hits="32" branch="False" />
                <line number="40" hits="32" branch="True" condition-coverage="50% (1/2)">
                  <conditions>
                    <condition number="12" type="jump" coverage="50%" />
                  </conditions>
                </line>
                <line number="41" hits="32" branch="False" />
                <line number="42" hits="32" branch="False" />
              </lines>
            </method>
          </methods>
          <lines>
            <line number="10" hits="145" branch="True" condition-coverage="100% (4/4)">
              <conditions>
                <condition number="32" type="jump" coverage="100%" />
                <condition number="391" type="jump" coverage="100%" />
              </conditions>
            </line>
            <line number="11" hits="32" branch="True" condition-coverage="100% (2/2)">
              <conditions>
                <condition number="233" type="jump" coverage="100%" />
              </conditions>
            </line>
            <line number="17" hits="32" branch="False" />
            <line number="20" hits="32" branch="False" />
            <line number="27" hits="60" branch="False" />
            <line number="30" hits="91" branch="False" />
            <line number="33" hits="54" branch="False" />
            <line number="36" hits="28" branch="False" />
            <line number="39" hits="32" branch="False" />
            <line number="40" hits="32" branch="True" condition-coverage="50% (1/2)">
              <conditions>
                <condition number="12" type="jump" coverage="50%" />
              </conditions>
            </line>
            <line number="41" hits="32" branch="False" />
            <line number="42" hits="32" branch="False" />
          </lines>
        </class>
        <class name="ChannelDungeons.BlazorWasm.Components.Layout.Sidebar/&lt;&gt;c__DisplayClass0_0" filename="Components/Layout/Sidebar.razor" line-rate="0" branch-rate="1" complexity="1">
          <methods>
            <method name="&lt;BuildRenderTree&gt;b__0" signature="()" line-rate="0" branch-rate="1" complexity="1">
              <lines>
                <line number="14" hits="0" branch="False" />
              </lines>
            </method>
          </methods>
          <lines>
            <line number="14" hits="0" branch="False" />
          </lines>
        </class>
        <class name="ChannelDungeons.BlazorWasm.Components.Layout.MainLayout" filename="Components/Layout/MainLayout.razor" line-rate="0" branch-rate="1" complexity="1">
          <methods>
            <method name="BuildRenderTree" signature="(Microsoft.AspNetCore.Components.Rendering.RenderTreeBuilder)" line-rate="0" branch-rate="1" complexity="1">
              <lines>
                <line number="4" hits="0" branch="False" />
              </lines>
            </method>
          </methods>
          <lines>
            <line number="4" hits="0" branch="False" />
          </lines>
        </class>
        <class name="ChannelDungeons.BlazorWasm.Components.Channel.MessageDisplay" filename="Components/Channel/MessageDisplay.razor" line-rate="1" branch-rate="1" complexity="2">
          <methods>
            <method name="BuildRenderTree" signature="(Microsoft.AspNetCore.Components.Rendering.RenderTreeBuilder)" line-rate="1" branch-rate="1" complexity="1">
              <lines>
                <line number="9" hits="17" branch="False" />
                <line number="10" hits="17" branch="False" />
                <line number="14" hits="17" branch="False" />
              </lines>
            </method>
            <method name="get_MessageData" signature="()" line-rate="1" branch-rate="1" complexity="1">
              <lines>
                <line number="21" hits="75" branch="False" />
              </lines>
            </method>
          </methods>
          <lines>
            <line number="9" hits="17" branch="False" />
            <line number="10" hits="17" branch="False" />
            <line number="14" hits="17" branch="False" />
            <line number="21" hits="75" branch="False" />
          </lines>
        </class>
        <class name="ChannelDungeons.BlazorWasm.Components.Channel.MessagesList" filename="Components/Channel/MessagesList.razor" line-rate="1" branch-rate="0.875" complexity="10">
          <methods>
            <method name="BuildRenderTree" signature="(Microsoft.AspNetCore.Components.Rendering.RenderTreeBuilder)" line-rate="1" branch-rate="0.875" complexity="8">
              <lines>
                <line number="5" hits="27" branch="True" condition-coverage="75% (3/4)">
                  <conditions>
                    <condition number="38" type="jump" coverage="50%" />
                    <condition number="59" type="jump" coverage="100%" />
                  </conditions>
                </line>
                <line number="6" hits="14" branch="False" />
                <line number="7" hits="76" branch="True" condition-coverage="100% (2/2)">
                  <conditions>
                    <condition number="128" type="jump" coverage="100%" />
                  </conditions>
                </line>
                <line number="8" hits="17" branch="False" />
                <line number="10" hits="17" branch="False" />
                <line number="11" hits="14" branch="False" />
                <line number="13" hits="27" branch="True" condition-coverage="100% (2/2)">
                  <conditions>
                    <condition number="156" type="jump" coverage="100%" />
                  </conditions>
                </line>
                <line number="14" hits="14" branch="False" />
                <line number="16" hits="14" branch="False" />
              </lines>
            </method>
            <method name="get_Messages" signature="()" line-rate="1" branch-rate="1" complexity="1">
              <lines>
                <line number="21" hits="101" branch="False" />
              </lines>
            </method>
            <method name="get_ShowTypingIndicator" signature="()" line-rate="1" branch-rate="1" complexity="1">
              <lines>
                <line number="24" hits="54" branch="False" />
              </lines>
            </method>
          </methods>
          <lines>
            <line number="5" hits="27" branch="True" condition-coverage="75% (3/4)">
              <conditions>
                <condition number="38" type="jump" coverage="50%" />
                <condition number="59" type="jump" coverage="100%" />
              </conditions>
            </line>
            <line number="6" hits="14" branch="False" />
            <line number="7" hits="76" branch="True" condition-coverage="100% (2/2)">
              <conditions>
                <condition number="128" type="jump" coverage="100%" />
              </conditions>
            </line>
            <line number="8" hits="17" branch="False" />
            <line number="10" hits="17" branch="False" />
            <line number="11" hits="14" branch="False" />
            <line number="13" hits="27" branch="True" condition-coverage="100% (2/2)">
              <conditions>
                <condition number="156" type="jump" coverage="100%" />
              </conditions>
            </line>
            <line number="14" hits="14" branch="False" />
            <line number="16" hits="14" branch="False" />
            <line number="21" hits="101" branch="False" />
            <line number="24" hits="54" branch="False" />
          </lines>
        </class>
        <class name="ChannelDungeons.BlazorWasm.Components.Channel.TypingIndicator" filename="Components/Channel/TypingIndicator.razor" line-rate="1" branch-rate="1" complexity="3">
          <methods>
            <method name="BuildRenderTree" signature="(Microsoft.AspNetCore.Components.Rendering.RenderTreeBuilder)" line-rate="1" branch-rate="1" complexity="2">
              <lines>
                <line number="3" hits="8" branch="True" condition-coverage="100% (2/2)">
                  <conditions>
                    <condition number="9" type="jump" coverage="100%" />
                  </conditions>
                </line>
                <line number="4" hits="8" branch="False" />
                <line number="15" hits="8" branch="False" />
              </lines>
            </method>
            <method name="get_IsVisible" signature="()" line-rate="1" branch-rate="1" complexity="1">
              <lines>
                <line number="19" hits="16" branch="False" />
              </lines>
            </method>
          </methods>
          <lines>
            <line number="3" hits="8" branch="True" condition-coverage="100% (2/2)">
              <conditions>
                <condition number="9" type="jump" coverage="100%" />
              </conditions>
            </line>
            <line number="4" hits="8" branch="False" />
            <line number="15" hits="8" branch="False" />
            <line number="19" hits="16" branch="False" />
          </lines>
        </class>
        <class name="ChannelDungeons.BlazorWasm.Components.Autocomplete.AutocompleteDropdown" filename="Components/Autocomplete/AutocompleteDropdown.razor" line-rate="1" branch-rate="1" complexity="12">
          <methods>
            <method name="BuildRenderTree" signature="(Microsoft.AspNetCore.Components.Rendering.RenderTreeBuilder)" line-rate="1" branch-rate="1" complexity="8">
              <lines>
                <line number="4" hits="68" branch="True" condition-coverage="100% (4/4)">
                  <conditions>
                    <condition number="7" type="jump" coverage="100%" />
                    <condition number="28" type="jump" coverage="100%" />
                  </conditions>
                </line>
                <line number="5" hits="23" branch="False" />
                <line number="7" hits="153" branch="True" condition-coverage="100% (2/2)">
                  <conditions>
                    <condition number="399" type="jump" coverage="100%" />
                  </conditions>
                </line>
                <line number="8" hits="28" branch="True" condition-coverage="100% (2/2)">
                  <conditions>
                    <condition number="194" type="jump" coverage="100%" />
                  </conditions>
                </line>
                <line number="11" hits="28" branch="False" />
                <line number="12" hits="28" branch="False" />
                <line number="14" hits="28" branch="False" />
                <line number="16" hits="23" branch="False" />
              </lines>
            </method>
            <method name="get_Commands" signature="()" line-rate="1" branch-rate="1" complexity="1">
              <lines>
                <line number="20" hits="143" branch="False" />
              </lines>
            </method>
            <method name="get_IsVisible" signature="()" line-rate="1" branch-rate="1" complexity="1">
              <lines>
                <line number="23" hits="135" branch="False" />
              </lines>
            </method>
            <method name="get_OnCommandSelected" signature="()" line-rate="1" branch-rate="1" complexity="1">
              <lines>
                <line number="26" hits="64" branch="False" />
              </lines>
            </method>
            <method name="get_SelectedIndex" signature="()" line-rate="1" branch-rate="1" complexity="1">
              <lines>
                <line number="29" hits="117" branch="False" />
              </lines>
            </method>
          </methods>
          <lines>
            <line number="4" hits="68" branch="True" condition-coverage="100% (4/4)">
              <conditions>
                <condition number="7" type="jump" coverage="100%" />
                <condition number="28" type="jump" coverage="100%" />
              </conditions>
            </line>
            <line number="5" hits="23" branch="False" />
            <line number="7" hits="153" branch="True" condition-coverage="100% (2/2)">
              <conditions>
                <condition number="399" type="jump" coverage="100%" />
              </conditions>
            </line>
            <line number="8" hits="28" branch="True" condition-coverage="100% (2/2)">
              <conditions>
                <condition number="194" type="jump" coverage="100%" />
              </conditions>
            </line>
            <line number="11" hits="28" branch="False" />
            <line number="12" hits="28" branch="False" />
            <line number="14" hits="28" branch="False" />
            <line number="16" hits="23" branch="False" />
            <line number="20" hits="143" branch="False" />
            <line number="23" hits="135" branch="False" />
            <line number="26" hits="64" branch="False" />
            <line number="29" hits="117" branch="False" />
          </lines>
        </class>
        <class name="ChannelDungeons.BlazorWasm.Components.Autocomplete.AutocompleteDropdown/&lt;&gt;c__DisplayClass0_0" filename="Components/Autocomplete/AutocompleteDropdown.razor" line-rate="1" branch-rate="1" complexity="1">
          <methods>
            <method name="&lt;BuildRenderTree&gt;b__1" signature="()" line-rate="1" branch-rate="1" complexity="1">
              <lines>
                <line number="10" hits="2" branch="False" />
              </lines>
            </method>
          </methods>
          <lines>
            <line number="10" hits="2" branch="False" />
          </lines>
        </class>
        <class name="ChannelDungeons.BlazorWasm.Services.ChannelService" filename="Services/ChannelService.cs" line-rate="1" branch-rate="1" complexity="5">
          <methods>
            <method name="IsCached" signature="(System.String)" line-rate="1" branch-rate="1" complexity="1">
              <lines>
                <line number="85" hits="4" branch="False" />
                <line number="86" hits="4" branch="False" />
                <line number="87" hits="4" branch="False" />
              </lines>
            </method>
            <method name="GetCachedMessages" signature="(System.String)" line-rate="1" branch-rate="1" complexity="1">
              <lines>
                <line number="95" hits="10" branch="False" />
                <line number="96" hits="10" branch="False" />
                <line number="97" hits="10" branch="False" />
[...]
                <line number="32" hits="30" branch="True" condition-coverage="50% (1/2)">
                  <conditions>
                    <condition number="215" type="jump" coverage="50%" />
                  </conditions>
                </line>
                <line number="33" hits="0" branch="False" />
                <line number="34" hits="0" branch="False" />
                <line number="36" hits="30" branch="False" />
                <line number="37" hits="1" branch="False" />
                <line number="38" hits="1" branch="False" />
                <line number="39" hits="1" branch="False" />
                <line number="41" hits="30" branch="False" />
                <line number="43" hits="44" branch="False" />
                <line number="44" hits="44" branch="False" />
              </lines>
            </method>
          </methods>
          <lines>
            <line number="26" hits="45" branch="False" />
            <line number="27" hits="45" branch="True" condition-coverage="100% (2/2)">
              <conditions>
                <condition number="31" type="jump" coverage="100%" />
              </conditions>
            </line>
            <line number="28" hits="31" branch="False" />
            <line number="30" hits="31" branch="False" />
            <line number="31" hits="31" branch="False" />
            <line number="32" hits="30" branch="True" condition-coverage="50% (1/2)">
              <conditions>
                <condition number="215" type="jump" coverage="50%" />
              </conditions>
            </line>
            <line number="33" hits="0" branch="False" />
            <line number="34" hits="0" branch="False" />
            <line number="36" hits="30" branch="False" />
            <line number="37" hits="1" branch="False" />
            <line number="38" hits="1" branch="False" />
            <line number="39" hits="1" branch="False" />
            <line number="41" hits="30" branch="False" />
            <line number="43" hits="44" branch="False" />
            <line number="44" hits="44" branch="False" />
          </lines>
        </class>
        <class name="ChannelDungeons.BlazorWasm.Services.ChannelService/&lt;GetChannelAsync&gt;d__5" filename="Services/ChannelService.cs" line-rate="1" branch-rate="1" complexity="1">
          <methods>
            <method name="MoveNext" signature="()" line-rate="1" branch-rate="1" complexity="1">
              <lines>
                <line number="52" hits="10" branch="False" />
                <line number="53" hits="10" branch="False" />
                <line number="55" hits="10" branch="False" />
              </lines>
            </method>
          </methods>
          <lines>
            <line number="52" hits="10" branch="False" />
            <line number="53" hits="10" branch="False" />
            <line number="55" hits="10" branch="False" />
          </lines>
        </class>
        <class name="ChannelDungeons.BlazorWasm.Services.ChannelService/&lt;GetChannelCommandsAsync&gt;d__7" filename="Services/ChannelService.cs" line-rate="1" branch-rate="1" complexity="1">
          <methods>
            <method name="MoveNext" signature="()" line-rate="1" branch-rate="1" complexity="1">
              <lines>
                <line number="74" hits="23" branch="False" />
                <line number="75" hits="23" branch="False" />
                <line number="77" hits="23" branch="False" />
              </lines>
            </method>
          </methods>
          <lines>
            <line number="74" hits="23" branch="False" />
            <line number="75" hits="23" branch="False" />
            <line number="77" hits="23" branch="False" />
          </lines>
        </class>
        <class name="ChannelDungeons.BlazorWasm.Services.ChannelService/&lt;GetConfigAsync&gt;d__6" filename="Services/ChannelService.cs" line-rate="1" branch-rate="0.6666" complexity="6">
          <methods>
            <method name="MoveNext" signature="()" line-rate="1" branch-rate="0.6666" complexity="6">
              <lines>
                <line number="61" hits="8" branch="False" />
                <line number="62" hits="8" branch="True" condition-coverage="100% (2/2)">
                  <conditions>
                    <condition number="31" type="jump" coverage="100%" />
                  </conditions>
                </line>
                <line number="63" hits="2" branch="False" />
                <line number="64" hits="2" branch="False" />
                <line number="65" hits="2" branch="False" />
                <line number="67" hits="8" branch="True" condition-coverage="50% (2/4)">
                  <conditions>
                    <condition number="146" type="jump" coverage="50%" />
                    <condition number="158" type="jump" coverage="50%" />
                  </conditions>
                </line>
                <line number="68" hits="8" branch="False" />
              </lines>
            </method>
          </methods>
          <lines>
            <line number="61" hits="8" branch="False" />
            <line number="62" hits="8" branch="True" condition-coverage="100% (2/2)">
              <conditions>
                <condition number="31" type="jump" coverage="100%" />
              </conditions>
            </line>
            <line number="63" hits="2" branch="False" />
            <line number="64" hits="2" branch="False" />
            <line number="65" hits="2" branch="False" />
            <line number="67" hits="8" branch="True" condition-coverage="50% (2/4)">
              <conditions>
                <condition number="146" type="jump" coverage="50%" />
                <condition number="158" type="jump" coverage="50%" />
              </conditions>
            </line>
            <line number="68" hits="8" branch="False" />
          </lines>
        </class>
        <class name="ChannelDungeons.BlazorWasm.Services.MessageAnimationService" filename="Services/MessageAnimationService.cs" line-rate="1" branch-rate="1" complexity="2">
          <methods>
            <method name=".ctor" signature="()" line-rate="1" branch-rate="1" complexity="1">
              <lines>
                <line number="13" hits="51" branch="False" />
              </lines>
            </method>
            <method name=".ctor" signature="(System.Func`3&lt;System.Int32,System.Threading.CancellationToken,System.Threading.Tasks.Task&gt;)" line-rate="1" branch-rate="1" complexity="1">
              <lines>
                <line number="15" hits="18" branch="False" />
                <line number="16" hits="18" branch="False" />
                <line number="17" hits="18" branch="False" />
                <line number="18" hits="18" branch="False" />
              </lines>
            </method>
          </methods>
          <lines>
            <line number="13" hits="51" branch="False" />
            <line number="15" hits="18" branch="False" />
            <line number="16" hits="18" branch="False" />
            <line number="17" hits="18" branch="False" />
            <line number="18" hits="18" branch="False" />
          </lines>
        </class>
        <class name="ChannelDungeons.BlazorWasm.Services.MessageAnimationService/&lt;AnimateMessagesAsync&gt;d__3" filename="Services/MessageAnimationService.cs" line-rate="1" branch-rate="1" complexity="10">
          <methods>
            <method name="MoveNext" signature="()" line-rate="1" branch-rate="1" complexity="10">
              <lines>
                <line number="38" hits="19" branch="False" />
                <line number="40" hits="19" branch="False" />
                <line number="41" hits="92" branch="True" condition-coverage="100% (2/2)">
                  <conditions>
                    <condition number="867" type="jump" coverage="100%" />
                  </conditions>
                </line>
                <line number="42" hits="33" branch="False" />
                <line number="43" hits="33" branch="True" condition-coverage="100% (2/2)">
                  <conditions>
                    <condition number="97" type="jump" coverage="100%" />
                  </conditions>
                </line>
                <line number="44" hits="2" branch="False" />
                <line number="45" hits="2" branch="False" />
                <line number="48" hits="31" branch="False" />
                <line number="49" hits="31" branch="True" condition-coverage="100% (2/2)">
                  <conditions>
                    <condition number="148" type="jump" coverage="100%" />
                  </conditions>
                </line>
                <line number="50" hits="31" branch="False" />
                <line number="53" hits="31" branch="True" condition-coverage="100% (2/2)">
                  <conditions>
                    <condition number="208" type="jump" coverage="100%" />
                  </conditions>
                </line>
                <line number="54" hits="31" branch="True" condition-coverage="100% (2/2)">
                  <conditions>
                    <condition number="247" type="jump" coverage="100%" />
                  </conditions>
                </line>
                <line number="55" hits="2" branch="False" />
                <line number="56" hits="2" branch="False" />
                <line number="57" hits="2" branch="False" />
                <line number="60" hits="31" branch="False" />
                <line number="63" hits="31" branch="False" />
                <line number="66" hits="27" branch="False" />
                <line number="67" hits="27" branch="False" />
                <line number="68" hits="27" branch="False" />
                <line number="69" hits="15" branch="False" />
                <line number="70" hits="4" branch="False" />
                <line number="71" hits="4" branch="False" />
                <line number="73" hits="4" branch="False" />
                <line number="74" hits="19" branch="False" />
              </lines>
            </method>
          </methods>
          <lines>
            <line number="38" hits="19" branch="False" />
            <line number="40" hits="19" branch="False" />
            <line number="41" hits="92" branch="True" condition-coverage="100% (2/2)">
              <conditions>
                <condition number="867" type="jump" coverage="100%" />
              </conditions>
            </line>
            <line number="42" hits="33" branch="False" />
            <line number="43" hits="33" branch="True" condition-coverage="100% (2/2)">
              <conditions>
                <condition number="97" type="jump" coverage="100%" />
              </conditions>
            </line>
            <line number="44" hits="2" branch="False" />
            <line number="45" hits="2" branch="False" />
            <line number="48" hits="31" branch="False" />
            <line number="49" hits="31" branch="True" condition-coverage="100% (2/2)">
              <conditions>
                <condition number="148" type="jump" coverage="100%" />
              </conditions>
            </line>
            <line number="50" hits="31" branch="False" />
            <line number="53" hits="31" branch="True" condition-coverage="100% (2/2)">
              <conditions>
                <condition number="208" type="jump" coverage="100%" />
              </conditions>
            </line>
            <line number="54" hits="31" branch="True" condition-coverage="100% (2/2)">
              <conditions>
                <condition number="247" type="jump" coverage="100%" />
              </conditions>
            </line>
            <line number="55" hits="2" branch="False" />
            <line number="56" hits="2" branch="False" />
            <line number="57" hits="2" branch="False" />
            <line number="60" hits="31" branch="False" />
            <line number="63" hits="31" branch="False" />
            <line number="66" hits="27" branch="False" />
            <line number="67" hits="27" branch="False" />
            <line number="68" hits="27" branch="False" />
            <line number="69" hits="15" branch="False" />
            <line number="70" hits="4" branch="False" />
            <line number="71" hits="4" branch="False" />
            <line number="73" hits="4" branch="False" />
            <line number="74" hits="19" branch="False" />
          </lines>
        </class>
        <class name="ChannelDungeons.BlazorWasm.Services.SidebarAnimationService" filename="Services/SidebarAnimationService.cs" line-rate="1" branch-rate="1" complexity="6">
          <methods>
            <method name="ShouldShowSidebar" signature="(System.Int32,System.Int32,System.String,System.Boolean)" line-rate="1" branch-rate="1" complexity="6">
              <lines>
                <line number="22" hits="32" branch="False" />
                <line number="23" hits="32" branch="True" condition-coverage="100% (6/6)">
                  <conditions>
                    <condition number="2" type="jump" coverage="100%" />
                    <condition number="16" type="jump" coverage="100%" />
                    <condition number="22" type="jump" coverage="100%" />
                  </conditions>
                </line>
                <line number="24" hits="32" branch="False" />
                <line number="25" hits="32" branch="False" />
                <line number="26" hits="32" branch="False" />
                <line number="27" hits="32" branch="False" />
              </lines>
            </method>
          </methods>
          <lines>
            <line number="22" hits="32" branch="False" />
            <line number="23" hits="32" branch="True" condition-coverage="100% (6/6)">
              <conditions>
                <condition number="2" type="jump" coverage="100%" />
                <condition number="16" type="jump" coverage="100%" />
                <condition number="22" type="jump" coverage="100%" />
              </conditions>
            </line>
            <line number="24" hits="32" branch="False" />
            <line number="25" hits="32" branch="False" />
            <line number="26" hits="32" branch="False" />
            <line number="27" hits="32" branch="False" />
          </lines>
        </class>
        <class name="ChannelDungeons.BlazorWasm.Models.AppConfig" filename="Models/AppConfig.cs" line-rate="1" branch-rate="1" complexity="3">
          <methods>
            <method name="get_DefaultTypingDuration" signature="()" line-rate="1" branch-rate="1" complexity="1">
              <lines>
                <line number="11" hits="220" branch="False" />
              </lines>
            </method>
            <method name="get_DefaultMessageDelay" signature="()" line-rate="1" branch-rate="1" complexity="1">
              <lines>
                <line number="16" hits="233" branch="False" />
              </lines>
            </method>
            <method name="get_UiShowDelay" signature="()" line-rate="1" branch-rate="1" complexity="1">
              <lines>
                <line number="21" hits="220" branch="False" />
              </lines>
            </method>
          </methods>
          <lines>
            <line number="11" hits="220" branch="False" />
            <line number="16" hits="233" branch="False" />
            <line number="21" hits="220" branch="False" />
          </lines>
        </class>
        <class name="ChannelDungeons.BlazorWasm.Models.Channel" filename="Models/Channel.cs" line-rate="1" branch-rate="1" complexity="4">
          <methods>
            <method name="get_Id" signature="()" line-rate="1" branch-rate="1" complexity="1">
              <lines>
                <line number="11" hits="381" branch="False" />
              </lines>
            </method>
            <method name="get_Name" signature="()" line-rate="1" branch-rate="1" complexity="1">
              <lines>
                <line number="16" hits="381" branch="False" />
              </lines>
            </method>
            <method name="get_Description" signature="()" line-rate="1" branch-rate="1" complexity="1">
              <lines>
                <line number="21" hits="348" branch="False" />
              </lines>
            </method>
            <method name="get_Messages" signature="()" line-rate="1" branch-rate="1" complexity="1">
              <lines>
                <line number="26" hits="229" branch="False" />
              </lines>
            </method>
          </methods>
          <lines>
            <line number="11" hits="381" branch="False" />
            <line number="16" hits="381" branch="False" />
            <line number="21" hits="348" branch="False" />
            <line number="26" hits="229" branch="False" />
          </lines>
        </class>
        <class name="ChannelDungeons.BlazorWasm.Models.ChannelData" filename="Models/ChannelData.cs" line-rate="1" branch-rate="1" complexity="2">
          <methods>
            <method name="get_Channels" signature="()" line-rate="1" branch-rate="1" complexity="1">
              <lines>
                <line number="11" hits="194" branch="False" />
              </lines>
            </method>
            <method name="get_Config" signature="()" line-rate="1" branch-rate="1" complexity="1">
              <lines>
                <line number="16" hits="157" branch="False" />
              </lines>
            </method>
          </methods>
          <lines>
            <line number="11" hits="194" branch="False" />
            <line number="16" hits="157" branch="False" />
          </lines>
        </class>
        <class name="ChannelDungeons.BlazorWasm.Models.CommandSuggestion" filename="Models/CommandSuggestion.cs" line-rate="1" branch-rate="1" complexity="1">
          <methods>
            <method name="get_Name" signature="()" line-rate="1" branch-rate="1" complexity="1">
              <lines>
                <line number="7" hits="138" branch="False" />
              </lines>
            </method>
          </methods>
          <lines>
            <line number="7" hits="138" branch="False" />
          </lines>
        </class>
        <class name="ChannelDungeons.BlazorWasm.Models.Message" filename="Models/Message.cs" line-rate="1" branch-rate="1" complexity="5">
          <methods>
            <method name="get_Username" signature="()" line-rate="1" branch-rate="1" complexity="1">
              <lines>
                <line number="11" hits="127" branch="False" />
              </lines>
            </method>
            <method name="get_Content" signature="()" line-rate="1" branch-rate="1" complexity="1">
              <lines>
                <line number="16" hits="159" branch="False" />
              </lines>
            </method>
            <method name="get_TypingDuration" signature="()" line-rate="1" branch-rate="1" complexity="1">
              <lines>
                <line number="22" hits="94" branch="False" />
              </lines>
            </method>
            <method name="get_Delay" signature="()" line-rate="1" branch-rate="1" complexity="1">
              <lines>
                <line number="28" hits="94" branch="False" />
              </lines>
            </method>
            <method name="get_Timestamp" signature="()" line-rate="1" branch-rate="1" complexity="1">
              <lines>
                <line number="33" hits="99" branch="False" />
              </lines>
            </method>
          </methods>
          <lines>
            <line number="11" hits="127" branch="False" />
            <line number="16" hits="159" branch="False" />
            <line number="22" hits="94" branch="False" />
            <line number="28" hits="94" branch="False" />
            <line number="33" hits="99" branch="False" />
          </lines>
        </class>
      </classes>
    </package>
  </packages>
</coverage>